[  00000] itlizingcgroup subsys cpuset
[    0.000000] Initializing cgroup subsys cpu
[    0.000000] Initializing cgroup subsys cpuacct
[    0.000000] Linux version 4.4.0-119-generic (buildd@lcy01-amd64-013) (gcc version 5.4.0 20160609 (Ubuntu 5.4.0-6ubuntu1~16.04.9) ) #143-Ubuntu SMP Mon Apr 2 16:08:24 UTC 2018 (Ubuntu 4.4.0-119.143-generic 4.4.114)
[    0.000000] Command line: BOOT_IMAGE=/boot/vmlinuz-4.4.0-119-generic root=LABEL=cloudimg-rootfs ro console=tty1 console=ttyS0
[    0.000000] KENEsupported cpus:
[    0.000000]   Intel GenuineIntel
[    0.000000]   AMD AuthenticAMD
[    0.000000]   Centaur CentaurHauls
[    0.000000] x86/fpu: xstate_offset[2]:  576, xstate_sizes[2]:  256
[    0.000000] x86/fpu: Supporting XSAVE feature 0x01: 'x87 floating point registers'
[    0.000000] x86/fpu: Suprtg XSE eare 0x02: 'SSE registers'
   000000] x86/fpu: Supporting XSAVE feature 0x04: 'AVX registers'
[    0.000000] x86/fpu: Enabled xstate features 0x7, context size is 832 bytes, using 'standard' format.
[    0.000000] x86/fpu: Using 'lazy' FPU context switches.
[    0.000000] e820: BIOS-provided physical RAM map:
[    0.000000] BIOS-e820: [mem 0x0000000000000000-0x000000000009fbff] usable
[    0.000000] BIOS-e820: [mem 0x000000000009fc000x00000009ff resered[   0.00000BIS-e8: em0x000000000000x0000000ff resered[    0.0000]BIS-e820: mem 0x0000000000100000-0x00000000dffeffff] usable
[    00000] BIS-20 [me0x00000dfff0000-0x00000000dfffffff] ACPI data
[    0.000000] BIOS-e820: [mem 0x00000000fec00000-0x00000000fec00fff] reserved
[    0.000000] BIOS-e820: [mem 0x00000000fee00000-0x00000000fee00fff] reserved
[    0.000000] BIOS-e820: [mem 0x00000000fffc0000-0x00000000ffffffff] reserved
[  .0000]IO-e82: me 0000000100000000-0x000000011fffffff] usable
[    0.000000] NX (Execute Disable) protection: active
[    0.000000] SMBIOS 2.5 present.
[    0.000000] Hypervisor detected: KVM
[    0.000000] e820: last_pfn = 0x120000 max_arch_pfn = 0x400000000
[    0.000000] MTRR: Disabled
[    0.000000] x86/PAT: MTRRs disabled, skipping PAT initializattion o.
[    0000] U RRs all blank - virtualized system.
[    0.000000] x86/PAT: Configuration [0-7]: WB  WT  UC- UC  WB  WT  UC- UC  
[    0.000000] e820: last_pfn = 0xdfff0 max_arch_pfn = 0x400000000
[    0.000000] found SMP MP-table at [mem 0x0009fff0-0x0009ffff] mapped at [ffff88000009fff0]
[    0.000000] Scanning 1 areas for low memory corruption
[    0.0000] RAMIS [em 0x3aa000x3754ff
    .000000] ACPI: Early table checksum verification disabled
[    0.000000] ACPI: RSDP 0x00000000000E0000 000024 (v02 VBOX  )
[    0.000000] ACPI: XSDT 0x00000000DFFF0030 00003C (v01 VBOX   VBOXXSDT 00000001 ASL  00000061)
[    0.000000] ACPI: FACP 0x00000000DFFF00F0 0000F4 (v04 VBOX   VBOXFACP 00000001 ASL  00000061)
[    0.000000] ACPI: DSDT 0x00000000DFFF0470 0021FF (v02 VBOX   VBOXBIOS 00000002 INTL 20180105)
[    0.000000] ACPI: FACS 0x00000000DFFF0200 000040
[    0.000000] ACPI: FACS 0x00000000DFFF0200 000040
[    0.000000] ACPI: APIC 0x00000000DFFF0240 00005C (v02 VBOX   VBOXAPIC 00000001 ASL  00000061)
[    0.000000] ACPI: SSDT 0x00000000DFFF02A0 0001CC (v01 VBOX   VBCPT 000002NT 201805)
[   00000] No NUMA configuration found
[    0.000000] Faking a node at [mem 0x0000000000000000-0x000000011fffffff]
[    0.000000] NODE_DATA(0) allocated [mem 0x11fff7000-0x11fffbfff]
[    0.000000] kvm-clock: Using msrs 4b564d01 and 4b564d00
[    0.000000] kvm-clock: cpu 0, msr 1:1ffef001, primary cpu clock
[    0.000000] kvm-clock: using sched offset of 2999378428 cycles
[    0.000000] clocksource: kvm-clock: mask: 0xffffffffffffffff max_cycles: 0x1cd42e4dffb, max_idle_ns: 881590591483 ns
[    0.000000] Zone ranges:
[    0.000000]   DMA      [mem 0x0000000000001000-0x0000000000ffffff]
[    0.000000]   DMA32    [mem 0x0000000001000000-0x00000000ffffffff]
[    0.000000]   Normal   [mem 0x0000000100000000-0x000000011fffffff]
[    0.000000]   Device   empty
[    0.000000] Movable zone start for each node
[    0.000000] Early memory node ranges
[    0.000000]   node   0: [mem 0x00000000001000-0x000000000009efff]
[    0.000000]   node   0: [mem 0x0000000000100000-0x00000000dffeffff]
[    0.000000]   node   0: [mem 0x0000000100000000-0x000000011fffffff]
[    0.000000] Initmem setup node 0 [mem 0x0000000000001000-0x000000011fffffff]
[    0.000000] ACPI: PM-Timer IO Port: 0x4008
[    0.000000] IOAPIC[0]: apic_id 2, version 32, address 0xfec00000, GSI 0-23
[    0.000000] ACPI: INT_SRC_OVR (bus 0 bus_irq 0 global_irq 2 dfl dfl)
[    0.000000] ACPI: INT_SRC_OVR (bus 0 bus_irq 9 global_irq 9 low level)
[    0.000000] Using ACPI (MADT) for SMP configuration information
[    0.000000] smpboot: Allowing 2 CPUs, 0 hotplug CPUs
[    0.000000] PM: Registered nosave memory: [mem 0x00000000-0x00000fff]
[    0.000000] PM: Registered nosave memory: [mem 0x0009f000-0x0009ffff]
[    0.000000] PM: Registered nosave memory: [mem 0x000a0000-0x000effff]
[    0.000000] PM: Registered nosave memoy: [me 0000f000-x000fffff]
[    0.000000] PM: Registered nosave memory: [mem 0xdfff0000-0xdfffffff]
[    0.000000] PM: Registered nosave memory: [mem 0xe0000000-0xfebfffff
[  0.0000PM: gierd noveemor: me 0ec000-fe00fff]
[  .00000] M:Registered nosave memory: [mem 0xfec01000-0xfedfffff]
[    0.000000] PM: Registered nosave memory: [mem 0xfee00000-0xfee00fff]
[    .00000PMRegistre nsae memory: [mem 0xee10-0xfbff]
[  00000]M:egstedosve memor [m 0xff00-0fffffff]
[    .000 e820:[m 0e00000xfbfffff aaiabe fo PI evce
[    0000000] Booting paravirtualized kernel on KVM
[    0.000000] clocksource: refined-jiffies: mask: 0xffffffff max_cycles: 0xffffffff, max_idle_ns: 7645519600211568 ns
[    0.000000] setup_percpu: NR_CPUS:512 nr_cpumask_bits:512 nr_cpu_ids:2 nr_node_ids:1
[    0.000000] PERCPU: Embedded 34 pages/cpu @ffff88011fc00000 s99544 r8192 d31528 u1048576
[    0.000000] PV qspinlochah tablenie: 25(oer: , 96ytes)[  0.00000 Bil 1zonelists in Node orrder,moliy grouping on.  tapaes: 1020
    0.0000 Poly ne: rm
    0000] Kern cmmanli: BO_IGE/boovmnuz-4.11-genicoot=BEcludimrofs rcoso=tty1 nse=tt0    0.00] PIhah able entres 4096 (order: 3, 32768 bytes)
[    0.000000] Memory: 4032152K/4193848K available (8532K kernel code, 1313K rwdata, 3996K rodata, 1508K init, 1316K bss, 161696K reserved, 0K cma-reserved)
[    0.000000] SLUB: HWalign=64, Order=0-3, MinObjects=0, CPUs=2, Nodes=1
[    0.000000] Kernel/User page tables isolation: enabled
[    0.000000] Hierarchical RCU implementation.
[    0.000000] 	Build-time adjustment of leaf fanout to 64.
[    0.000000] 	RCU restricting CPUs from NR_CPUS=512 to nr_cpu_ids=2.
[    0.000000] RCU: Adjusting geometry for rcu_fanout_leaf=64, nr_cpu_ids=2
[    0.000000] NR_IRQS:33024 nr_irqs:440 16
[    0.000000] Console: colour VGA+ 80x25
[    0.000000] console [tty1] enabled
[    0.000000] console [ttyS0] enabled
[    0.000000] tsc: Detected 2904.000 MHz processor
[    4.741725] Calibrating delay loop (skipped) preset value.. 5808.00 BogoMIPS (lpj=1161600)
[    4.764275] pid_max: default: 32768 minimum: 301
[    4.794634] ACPI: Core revision 20150930
[    4.796009] ACPI: 2 ACPI AML tables successfully acquired and loaded
[    4.851018] Security Framework initialized
[    4.851599] Yama: becoming mindful.
[    4.852135] AppArmor: AppArmor initialized
[    4.853271] Dentry cache hash table entries: 524288 (order: 10, 4194304 bytes)
[    4.984966] Inode-cache hash table entries: 262144 (order: 9, 2097152 bytes)
[    4.991480] Mount-cache hash table entries: 8192 (order: 4, 65536 bytes)
[    4.992451] Mountpoint-cache hash table entries: 8192 (order: 4, 65536 bytes)
[    4.994998] Initializing cgroup subsys io
[    5.057102] Initializing cgroup subsys memory
[    5.128211] Initializing cgroup subsys devices
[    5.156022] Initializing cgroup subsys freezer
[    5.156635] Initializing cgroup subsys net_cls
[    5.157255] Initializing cgroup subsys perf_event
[    5.245004] Initializing cgroup subsys net_prio
[    5.373053] Initializing cgroup subsys hugetlb
[    5.502610] Initializing cgroup subsys pids
[    5.577671] CPU: Physical Processor ID: 0
[    5.659478] CPU: Processor Core ID: 0
[    5.694122] FEATURE SPEC_CTRL Not Present
[    5.762049] mce: CPU supports 0 MCE banks
[    5.825237] Last level iTLB entries: 4KB 64, 2MB 8, 4MB 8
[    5.826057] Last level dTLB entries: 4KB 64, 2MB 0, 4MB 0, 1GB 4
[    5.877739] Spectre V2 mitigation: Mitigation: Full generic retpoline
[    5.983020] Spectre V2 mitigation: Speculation control IBPB not-supported IBRS not-supported
[    5.999723] Spectre V2 mitigation: Filling RSB on context switch
[    6.002359] Freeing SMP alternatives memory: 32K
[    6.009625] ftrace: allocating 32195 entries in 126 pages
[    6.189814] smpboot: APIC(0) Converting physical 0 to logical package 0
[    6.196166] smpboot: Max logical packages: 1
[    6.197083] x2apic enabled
[    6.197776] Switched APIC routing to physical x2apic.
[    6.199467] ..TIMER: vector=0x30 apic1=0 pin1=2 apic2=-1 pin2=-1
[    6.460792] smpboot: CPU0: Intel(R) Core(TM) i7-7500U CPU @ 2.70GHz (family: 0x6, model: 0x8e, stepping: 0x9)
[    6.497125] Performance Events: unsupported p6 CPU model 142 no PMU driver, software events only.
[    6.498628] KVM setup paravirtual spinlock
[    6.499937] x86: Booting SMP configuration:
[    6.501843] .... node  #0, CPUs:      #1
[    6.502618] kvm-clock: cpu 1, msr 1:1ffef041, secondary cpu clock
[    6.504783] mce: CPU supports 0 MCE banks
[    6.507117] x86: Booted up 1 node, 2 CPUs
[    6.518271] smpboot: Total of 2 processors activated (11616.00 BogoMIPS)
[    6.519585] devtmpfs: initialized
[    6.545769] evm: security.selinux
[    6.550243] evm: security.SMACK64
[    6.550826] evm: security.SMACK64EXEC
[    6.551430] evm: security.SMACK64TRANSMUTE
[    6.552100] evm: security.SMACK64MMAP
[    6.552716] evm: security.ima
[    6.553255] evm: security.capability
[    6.554057] clocksource: jiffies: mask: 0xffffffff max_cycles: 0xffffffff, max_idle_ns: 7645041785100000 ns
[    6.570570] futex hash table entries: 512 (order: 3, 32768 bytes)
[    6.605819] pinctrl core: initialized pinctrl subsystem
[    6.653289] RTC time: 18:40:19, date: 04/24/18
[    6.654200] NET: Registered protocol family 16
[    6.665103] cpuidle: using governor ladder
[    6.721884] cpuidle: using governor menu
[    6.751634] PCCT header not found.
[    6.791354] ACPI: bus type PCI registered
[    6.833708] acpiphp: ACPI Hot Plug PCI Controller Driver version: 0.5
[    6.841448] PCI: Using configuration type 1 for base access
[    6.918031] ACPI: Added _OSI(Module Device)
[    7.000138] ACPI: Added _OSI(Processor Device)
[    7.048199] ACPI: Added _OSI(3.0 _SCP Extensions)
[    7.100904] ACPI: Added _OSI(Processor Aggregator Device)
[    7.148247] ACPI: Executed 1 blocks of module-level executable AML code
[    7.256246] ACPI: Interpreter enabled
[    7.285523] ACPI: (supports S0 S5)
[    7.369550] ACPI: Using IOAPIC for interrupt routing
[    7.422311] PCI: Using host bridge windows from ACPI; if necessary, use "pci=nocrs" and report a bug
[    7.630152] ACPI: PCI Root Bridge [PCI0] (domain 0000 [bus 00-ff])
[    7.733905] acpi PNP0A03:00: _OSC: OS supports [ASPM ClockPM Segments MSI]
[    7.834023] acpi PNP0A03:00: _OSC: not requesting OS control; OS requires [ExtendedConfig ASPM ClockPM MSI]
[    7.877850] acpi PNP0A03:00: fail to add MMCONFIG information, can't access extended PCI configuration space under this bridge.
[    7.887355] PCI host bridge to bus 0000:00
[    7.945158] pci_bus 0000:00: root bus resource [io  0x0000-0x0cf7 window]
[    7.985799] pci_bus 0000:00: root bus resource [io  0x0d00-0xffff window]
[    7.986777] pci_bus 0000:00: root bus resource [mem 0x000a0000-0x000bffff window]
[    7.988000] pci_bus 0000:00: root bus resource [mem 0xe0000000-0xfdffffff window]
[    8.016412] pci_bus 0000:00: root bus resource [bus 00-ff]
[    8.067491] pci 0000:00:01.1: legacy IDE quirk: reg 0x10: [io  0x01f0-0x01f7]
[    8.145661] pci 0000:00:01.1: legacy IDE quirk: reg 0x14: [io  0x03f6]
[    8.286251] pci 0000:00:01.1: legacy IDE quirk: reg 0x18: [io  0x0170-0x0177]
[    8.423130] pci 0000:00:01.1: legacy IDE quirk: reg 0x1c: [io  0x0376]
[    8.633895] pci 0000:00:07.0: quirk: [io  0x4000-0x403f] claimed by PIIX4 ACPI
[    8.798678] pci 0000:00:07.0: quirk: [io  0x4100-0x410f] claimed by PIIX4 SMB
[    8.883690] ACPI: PCI Interrupt Link [LNKA] (IRQs 5 9 10 *11)
[    8.965703] ACPI: PCI Interrupt Link [LNKB] (IRQs 5 9 *10 11)
[    9.020438] ACPI: PCI Interrupt Link [LNKC] (IRQs 5 *9 10 11)
[    9.022606] ACPI: PCI Interrupt Link [LNKD] (IRQs 5 9 10 *11)
[    9.023743] ACPI: Enabled 2 GPEs in block 00 to 07
[    9.024772] vgaarb: setting as boot device: PCI:0000:00:02.0
[    9.025495] vgaarb: device added: PCI:0000:00:02.0,decodes=io+mem,owns=io+mem,locks=none
[    9.026629] vgaarb: loaded
[    9.084195] vgaarb: bridge control possible 0000:00:02.0
[    9.197901] SCSI subsystem initialized
[    9.270221] ACPI: bus type USB registered
[    9.320160] usbcore: registered new interface driver usbfs
[    9.456780] usbcore: registered new interface driver hub
[    9.541076] usbcore: registered new device driver usb
[    9.586219] PCI: Using ACPI for IRQ routing
[    9.630146] NetLabel: Initializing
[    9.637823] NetLabel:  domain hash size = 128
[    9.638521] NetLabel:  protocols = UNLABELED CIPSOv4
[    9.639306] NetLabel:  unlabeled traffic allowed by default
[    9.705008] amd_nb: Cannot enumerate AMD northbridges
[    9.714481] clocksource: Switched to clocksource kvm-clock
[    9.721016] AppArmor: AppArmor Filesystem Enabled
[    9.727191] pnp: PnP ACPI init
[   .7822]np PP CP: oud 3 devices
[  1.031280] clocoue:cp_pm: mask: 0xffffff max_cycles: 0xffffff, max_idle_ns: 2085701024 ns
  0.44] T:egstedrocofaly
[   10.97219] CPesabisedhash table etrs:27 (de 62644yt)
[   11.562482] TCP bind hash table entries: 32768 (order: 7, 524288 bytes)
[  1.835] CP Hsh tables configured (established 32768 bind 32768)
[  125882 UP as tbl etres208 orer: 4, 556 ytes)
[ 128657 UP-it hshtaleenris:208 orer: 4, 65536 bytes)
[ 13642]ETReistered protocolfail1
[ 13969]ci00000. Litg re P/P transfers
  4.42] i 0000:00:01.0: Activating ISA DMA hang workarounds
[  1.4325]Unacin iitramfs...

[   6.70] eeg it mor 184

[   16.537486] PCI-DMA: Using software bounce buffering for IO (SWIOTLB)
[   16.543741] software IO TLB [mem 0xdbff0000-0xdfff0000] (64MB) mapped at [ffff8800dbff0000-ffff8800dffeffff]
[   16.545310] platform rtc_cmos: registered platform RTC device (no PNP device found)
[   16.547675] Scanning for low memory corruption every 60 seconds
[   16.647557] audit: initializing netlink subsys (disabled)
[   16.704012] audit: type=2000 audit(1524595225.520:1): initialized
[   16.802528] Initialise system trusted keyring
[   16.812666] HugeTLB registered 2 MB page size, pre-allocated 0 pages
[   16.899525] zbud: loaded
[   16.973479] VFS: Disk quotas dquot_6.6.0
[   17367]FSDqt-chha tab eri: 2 rdr  46 te
  7.72] c: Refin T cckur calraon29.1 M
[   18816]losorc t: as: 0fffffffffff axcycles0xdcb38,axdlns449563 n

ÿ[  18811]quhf: vesin 0 00/0/3) Phillip Lougher

[   18.482170] fuse init (API version 7.23)
[   18.482286] Key type big_key registered
[   18.482305] Allocating IMA MOK and blacklist keyrings.
[   18.482546] Key type asymmetric registered
[   18.482551] Asymmetric key parser 'x509' registered
[   18.482586] Block layer SCSI generic (bsg) driver version 0.4 loaded (major 249)
[   18.482614] io scheduler noop registered
[   18.482616] io scheduler deadline registered (default)
[   18.482647] io scheduler cfq registered
[   18.482777] pci_hotplug: PCI Hot Plug PCI Core version: 0.5
[   18.482783] pciehp: PCI Express Hot Plug Controller Driver version: 0.4
[   18.482903] ACPI: AC Adapter [AC] (off-line)
[   18.482954] input: Power Button as /devices/LNXSYSTM:00/LNXPWRBN:00/input/input0
[   18.482957] ACPI: Power Button [PWRF]
[   18.483013] input: Sleep Button as /devices/LNXSYSTM:00/LNXSLPBN:00/input/input1
[   18.483014] ACPI: Sleep Button [SLPF]
[   18.483139] GHES: HEST is not enabled!
[   18.483748] ACPI: Battery Slot [BAT0] (battery present)
[   18.483784] Serial: 8250/16550 driver, 32 ports, IRQ sharing enabled
[   19.518048] 00:02: ttyS0 at I/O 0x3f8 (irq = 4, base_baud = 115200) is a 16550A
[   19.926034] Linux agpgart interface v0.103
[   19.928097] loop: module loaded
[   19.928484] scsi host0: ata_piix
[   19.928528] scsi host1: ata_piix
[   19.928552] ata1: PATA max UDMA/33 cmd 0x1f0 ctl 0x3f6 bmdma 0xd000 irq 14
[   19.928553] ata2: PATA max UDMA/33 cmd 0x170 ctl 0x376 bmdma 0xd008 irq 15
[   19.928610] libphy: Fixed MDIO Bus: probed
[   19.928612] tun: Universal TUN/TAP device driver, 1.6
[   19.928612] tun: (C) 1999-2004 Max Krasnyansky <maxk@qualcomm.com>
[   19.928844] PPP generic driver version 2.4.2
[   19.928894] ehci_hcd: USB 2.0 'Enhanced' Host Controller (EHCI) Driver
[   19.928898] ehci-pci: EHCI PCI platform driver
[   19.928908] ehci-platform: EHCI generic platform driver
[   19.928915] ohci_hcd: USB 1.1 'Open' Host Controller (OHCI) Driver
[   19.928918] ohci-pci: OHCI PCI platform driver
[   19.928924] ohci-platform: OHCI generic platform driver
[   19.928930] uhci_hcd: USB Universal Host Controller Interface driver
[   19.928976] i8042: PNP: PS/2 Controller [PNP0303:PS2K,PNP0f03:PS2M] at 0x60,0x64 irq 1,12
[   19.971265] serio: i8042 KBD port at 0x60,0x64 irq 1
[   19.971270] serio: i8042 AUX port at 0x60,0x64 irq 12
[   19.971396] mousedev: PS/2 mouse device common for all mice
[   19.971633] rtc_cmos rtc_cmos: rtc core: registered rtc_cmos as rtc0
[   19.971687] rtc_cmos rtc_cmos: alarms up to one day, 114 bytes nvram
[   19.971694] i2c /dev entries driver
[   19.971745] device-mapper: uevent: version 1.0.3
[   19.971788] device-mapper: ioctl: 4.34.0-ioctl (2015-10-28) initialised: dm-devel@redhat.com
[   19.971809] ledtrig-cpu: registered to indicate activity on CPUs
[   19.972043] NET: Registered protocol family 10
[   19.972162] NET: Registered protocol family 17
[   19.972171] Key type dns_resolver registered
[   19.972381] registered taskstats version 1
[   19.972394] Loading compiled-in X.509 certificates
[   19.972876] Loaded X.509 cert 'Build time autogenerated kernel key: f854e06633b5f496ced5b2e02c7b14f761b69302'
[   19.972891] zswap: loaded using pool lzo/zbud
[   19.974084] Key type trusted registered
[   19.976012] Key type encrypted registered
[   19.976017] AppArmor: AppArmor sha1 policy hashing enabled
[   19.976020] ima: No TPM chip found, activating TPM-bypass!
[   19.976035] evm: HMAC attrs: 0x1
[   19.976241]   Magic number: 14:832:696
[   19.979149] rtc_cmos rtc_cmos: setting system clock to 2018-04-24 18:40:32 UTC (1524595232)
[   19.979219] BIOS EDD facility v0.16 2004-Jun-25, 0 devices found
[   19.979219] EDD information not available.
[   20.020383] input: AT Translated Set 2 keyboard as /devices/platform/i8042/serio0/input/input2
[   20.709678] Freeing unused kernel memory: 1508K
[   20.743422] Write protecting the kernel read-only data: 14336k
[   20.746374] Freeing unused kernel memory: 1696K
[   20.749882] Freeing unused kernel memory: 100K
Loading, please wait...
starting version[   20.774847] random: systemd-udevd: uninitialized urandom read (16 bytes read, 7 bits of entropy available)
 229
[   20.775537] random: udevadm: uninitialized urandom read (16 bytes read, 7 bits of entropy available)
[   20.775555] random: udevadm: uninitialized urandom read (16 bytes read, 7 bits of entropy available)
[   20.783330] random: udevadm: uninitialized urandom read (16 bytes read, 7 bits of entropy available)
[   20.783372] random: udevadm: uninitialized urandom read (16 bytes read, 7 bits of entropy available)
[   20.783503] random: udevadm: uninitialized urandom read (16 bytes read, 7 bits of entropy available)
[   20.783554] random: udevadm: uninitialized urandom read (16 bytes read, 7 bits of entropy available)
[   20.783599] random: udevadm: uninitialized urandom read (16 bytes read, 7 bits of entropy available)
[   20.783645] random: udevadm: uninitialized urandom read (16 bytes read, 7 bits of entropy available)
[   20.783700] random: udevadm: uninitialized urandom read (16 bytes read, 7 bits of entropy available)
[   20.940224] Fusion MPT base driver 3.04.20
[   20.955173] Copyright (c) 1999-2008 LSI Corporation
[   20.971131] e1000: Intel(R) PRO/1000 Network Driver - version 7.3.21-k8-NAPI
[   20.986948] e1000: Copyright (c) 1999-2006 Intel Corporation.
[   20.998580] AVX2 version of gcm_enc/dec engaged.
[   21.193114] AES CTR mode by8 optimization enabled
[   21.194899] input: ImExPS/2 Generic Explorer Mouse as /devices/platform/i8042/serio1/input/input4
[   21.356400] Fusion MPT SPI Host driver 3.04.20
[   21.673555] e1000 0000:00:03.0 eth0: (PCI:33MHz:32-bit) 02:1b:e7:ca:c1:c0
[   21.811502] e1000 0000:00:03.0 eth0: Intel(R) PRO/1000 Network Connection
[   21.820752] mptbase: ioc0: Initiating bringup
[   21.821206] e1000 0000:00:03.0 enp0s3: renamed from eth0
[   21.942868] ioc0: LSI53C1030 A0: Capabilities={Initiator}
[   22.121216] scsi host2: ioc0: LSI53C1030 A0, FwRev=00000000h, Ports=1, MaxQ=256, IRQ=20
[   22.540017] scsi 2:0:0:0: Direct-Access     VBOX     HARDDISK         1.0  PQ: 0 ANSI: 5
[   22.753447] scsi target2:0:0: Beginning Domain Validation
[   22.774761] scsi target2:0:0: Domain Validation skipping write tests
[   22.777651] scsi target2:0:0: Ending Domain Validation
[   22.778382] scsi target2:0:0: asynchronous
[   22.779347] scsi 2:0:1:0: Direct-Access     VBOX     HARDDISK         1.0  PQ: 0 ANSI: 5
[   22.781641] scsi target2:0:1: Beginning Domain Validation
[   22.784276] scsi target2:0:1: Domain Validation skipping write tests
[   22.823569] scsi target2:0:1: Ending Domain Validation
[   22.824404] scsi target2:0:1: asynchronous
[   22.921180] sd 2:0:0:0: Attached scsi generic sg0 type 0
[   23.043139] sd 2:0:0:0: [sda] 20971520 512-byte logical blocks: (10.7 GB/10.0 GiB)
[   23.046861] sd 2:0:0:0: [sda] Write Protect is off
[   23.053702] sd 2:0:1:0: [sdb] 20480 512-byte logical blocks: (10.5 MB/10.0 MiB)
[   23.053822] sd 2:0:0:0: [sda] Incomplete mode parameter data
[   23.053824] sd 2:0:0:0: [sda] Assuming drive cache: write through
[   23.058092] sd 2:0:1:0: Attached scsi generic sg1 type 0
[   23.058697]  sda: sda1
[   23.093810] sd 2:0:1:0: [sdb] Write Protect is off
[   23.094235] sd 2:0:0:0: [sda] Attached SCSI disk
[   23.096683] sd 2:0:1:0: [sdb] Incomplete mode parameter data
[   23.097529] sd 2:0:1:0: [sdb] Assuming drive cache: write through
[   23.100404] sd 2:0:1:0: [sdb] Attached SCSI disk
[   24.194858] floppy0: no floppy controllers found
Begin: Loading e[   25.655913] md: linear personality registered for level -1
ssential drivers ... [   25.660826] md: multipath personality registered for level -4
[   25.674626] md: raid0 personality registered for level 0
[   25.683195] md: raid1 personality registered for level 1
[   25.802561] raid6: sse2x1   gen() 12033 MB/s
[   25.910555] raid6: sse2x1   xor()  8848 MB/s
[   25.982503] raid6: sse2x2   gen() 14892 MB/s
[   26.090502] raid6: sse2x2   xor() 10178 MB/s
[   26.162500] raid6: sse2x4   gen() 16721 MB/s
[   26.258565] raid6: sse2x4   xor()  9758 MB/s
[   26.362542] raid6: avx2x1   gen() 23243 MB/s
[   26.478546] raid6: avx2x2   gen() 26580 MB/s
[   26.582540] raid6: avx2x4   gen() 29297 MB/s
[   26.628163] raid6: using algorithm avx2x4 gen() 29297 MB/s
[   26.628984] raid6: using avx2x2 recovery algorithm
[   26.630962] xor: automatically using best checksumming function:
[   26.687400]    avx       : 38827.000 MB/sec
[   26.704657] async_tx: api initialized (async)
[   26.770672] md: raid6 personality registered for level 6
[   26.776839] md: raid5 personality registered for level 5
[   26.792119] md: raid4 personality registered for level 4
[   26.797273] md: raid10 personality registered for level 10
done.
Begin: Running /scripts/init-premount ... done.
Begin: Mountin[   26.827287] Btrfs loaded
g root file system ... Begin: Running /scripts/local-top ... done.
Begin: Running /scripts/local-premount ... Scanning for Btrfs filesystems
done.
Warning: fsck no[   26.863678] EXT4-fs (sda1): mounted filesystem with ordered data mode. Opts: (null)
t present, so skipping root file system
done.
Begin: Running /scripts/local-bottom ... done.
Begin: Running /scripts/init-bottom ... done.
[   27.097853] systemd[1]: systemd 229 running in system mode. (+PAM +AUDIT +SELINUX +IMA +APPARMOR +SMACK +SYSVINIT +UTMP +LIBCRYPTSETUP +GCRYPT +GNUTLS +ACL +XZ -LZ4 +SECCOMP +BLKID +ELFUTILS +KMOD -IDN)
[   27.144545] systemd[1]: Detected virtualization oracle.
[   27.153019] systemd[1]: Detected architecture x86-64.

Welcome to [1mUbuntu 16.04.4 LTS[0m!

[   27.204114] systemd[1]: Set hostname to <ubuntu-xenial>.
[   27.422863] systemd[1]: Listening on LVM2 poll daemon socket.
[[0;32m  OK  [0m] Listening on LVM2 poll daemon socket.
[   27.483069] systemd[1]: Reached target Swap.
[[0;32m  OK  [0m] Reached target Swap.
[   27.544115] systemd[1]: Reached target User and Group Name Lookups.
[[0;32m  OK  [0m] Reached target User and Group Name Lookups.
[   27.545713] systemd[1]: Reached target System Time Synchronized.
[[0;32m  OK  [0m] Reached target System Time Synchronized.
[   27.554922] systemd[1]: Started Trigger resolvconf update for networkd DNS.
[[0;32m  OK  [0m] Started Trigger resolvconf update for networkd DNS.
[   27.584774] systemd[1]: Listening on LVM2 metadata daemon socket.
[[0;32m  OK  [0m] Listening on LVM2 metadata daemon socket.
[   27.590239] systemd[1]: Created slice User and Session Slice.
[[0;32m  OK  [0m] Created slice User and Session Slice.
[   27.591749] systemd[1]: Reached target Encrypted Volumes.
[[0;32m  OK  [0m] Reached target Encrypted Volumes.
[   27.610667] systemd[1]: Listening on /dev/initctl Compatibility Named Pipe.
[[0;32m  OK  [0m] Listening on /dev/initctl Compatibility Named Pipe.
[   27.618909] systemd[1]: Listening on udev Kernel Socket.
[[0;32m  OK  [0m] Listening on udev Kernel Socket.
[   27.636826] systemd[1]: Set up automount Arbitrary Executable File Formats File System Automount Point.
[[0;32m  OK  [0m] Set up automount Arbitrary Executab...ats File System Automount Point.
[   27.730398] systemd[1]: Listening on Journal Audit Socket.
[[0;32m  OK  [0m] Listening on Journal Audit Socket.
[   27.760145] systemd[1]: Listening on udev Control Socket.
[[0;32m  OK  [0m] Listening on udev Control Socket.
[   27.779001] systemd[1]: Created slice System Slice.
[[0;32m  OK  [0m] Created slice System Slice.
[   27.780414] systemd[1]: Reached target Slices.
[[0;32m  OK  [0m] Reached target Slices.
[   27.781782] systemd[1]: Listening on Syslog Socket.
[[0;32m  OK  [0m] Listening on Syslog Socket.
[   27.808336] systemd[1]: Listening on Journal Socket.
[[0;32m  OK  [0m] Listening on Journal Socket.
[   27.871008] systemd[1]: Starting Create list of required static device nodes for the current kernel...
         Starting Create list of required st... nodes for the current kernel...
[   28.075041] systemd[1]: Starting Uncomplicated firewall...
         Starting Uncomplicated firewall...
[   28.155886] systemd[1]: Mounting Debug File System...
[   28.156686] random: nonblocking pool is initialized
         Mounting Debug File System...
[   28.182691] systemd[1]: Mounting Huge Pages File System...
         Mounting Huge Pages File System...
[   28.335050] systemd[1]: Starting Set console keymap...
         Starting Set console keymap...
[   28.416268] systemd[1]: Starting Load Kernel Modules...
[   28.423510] Loading iSCSI transport class v2.0-870.
         Starting Load Kernel Modules...
[   28.432104] systemd[1]: Starting Remount Root and Kernel File Systems...
         Starting Remount Root and Kernel File S[   28.445797] EXT4-fs (sda1): re-mounted. Opts: (null)
ystems...
[   28.454328] systemd[1]: Starting Nameserver information manager...
[   28.466089] iscsi: registered transport (tcp)
         Starting Nameserver information [   28.505839] iscsi: registered transport (iser)
manager...
[   28.677270] systemd[1]: Listening on Journal Socket (/dev/log).
[[0;32m  OK  [0m] Listening on Journal Socket (/dev/log).
[   28.698944] systemd[1]: Starting Journal Service...
         Starting Journal Service...
[   28.851170] systemd[1]: Created slice system-serial\x2dgetty.slice.
[[0;32m  OK  [0m] Created slice system-serial\x2dgetty.slice.
[   28.853549] systemd[1]: Listening on Device-mapper event daemon FIFOs.
[[0;32m  OK  [0m] Listening on Device-mapper event daemon FIFOs.
[   28.888163] systemd[1]: Starting Monitoring of LVM2 mirrors, snapshots etc. using dmeventd or progress polling...
         Starting Monitoring of LVM2 mirrors... dmeventd or progress polling...
[   29.073222] systemd[1]: Mounting POSIX Message Queue File System...
         Mounting POSIX Message Queue File System...
[ 291107] systemd[1]: Started Forward Password Requests to Wall Directory Watch.
[[0;32m  OK  [0m] Started Forward Password Requests to Wall Directory Watch.
[   29.483964] systemd[1]: Mounted POSIX Message Queue File System.
[[0;32m  OK  [0m] Mounted POSIX Message Queue File System.
[   29.664367] systemd[1]: Mounted Huge Pages File System.
[[0;32m  OK  [0m] Mounted Huge Pages File System.
[   29.665885] systemd[1]: Mounted Debug File System.
[[0;32m  OK  [0m] Mounted Debug File System.
[   29.672214] systemd[1]: Started Journal Service.
[[0;32m  OK  [0m] Started Journal Service.
[[0;32m  OK  [0m] Started Create list of required sta...ce nodes for the current kernel.
[[0;32m  OK  [0m] Started Uncomplicated firewall.
[[0;32m  OK  [0m] Started Set console keymap.
[[0;32m  OK  [0m] Started Load Kernel Modules.
[[0;32m  OK  [0m] Started Remount Root and Kernel File Systems.
[[0;32m  OK  [0m] Started Nameserver information manager.
[[0;32m  OK  [0m] Started LVM2 metadata daemon.
         Starting Load/Save Random Seed...
         Starting Initial cloud-init job (pre-networking)...
         Starting udev Coldplug all Devices...
         Starting Apply Kernel Variables...
         Mounting FUSE Control File System...
         Starting Create Static Device Nodes in /dev...
         Starting Flush Journal to Persistent Storage...
[[0;32m  OK  [0m] Mounted FUSE Control File System.
[[0;32m  OK  [0m] Started Load/Save Random Seed.
[[0;32m  OK  [0m] Started Apply Kernel Variables.
[[0;32m  OK  [0m] Started Create Static Device Nodes in /dev.
[[0;32m  OK  [0m] Started udev Coldplug all Devices.
[[0;32m  OK  [0m] Started Flush Journal to Persistent Storage.
         Starting udev Kernel Device Manager...
[[0;32m  OK  [0m] Started udev Kernel Device Manager.
[[0;32m  OK  [0m] Started Dispatch Password Requests to Console Directory Watch.
[[0;32m  OK  [0m] Found device /dev/ttyS0.
[[0;32m  OK  [0m] Started Monitoring of LVM2 mirrors,...ng dmeventd or progress polling.
[[0;32m  OK  [0m] Reached target Local File Systems (Pre).
[[0;32m  OK  [0m] Reached target Local File Systems.
         Starting Create Volatile Files and Directories...
         Starting LSB: AppArmor initialization...
         Starting Set console font and keymap...
[   21.558442] cloud-init[448]: Cloud-init v. 17.2 running 'init-local' at Tue, 24 Apr 2018 18:40:43 +0000. Up 21.25 seconds.
         Starting Tell Plymouth To Write Out Runtime Data...
[[0;32m  OK  [0m] Started Create Volatile Files and Directories.
[[0;32m  OK  [0m] Started Tell Plymouth To Write Out Runtime Data.
[[0;32m  OK  [0m] Started Initial cloud-init job (pre-networking).
[[0;32m  OK  [0m] Started Set console font and keymap.
[[0;32m  OK  [0m] Created slice system-getty.slice.
[[0;32m  OK  [0m] Listening on Load/Save RF Kill Switch Status /dev/rfkill Watch.
[[0;32m  OK  [0m] Reached target Network (Pre).
         Starting Update UTMP about System Boot/Shutdown...
[[0;32m  OK  [0m] Started Update UTMP about System Boot/Shutdown.
[[0;32m  OK  [0m] Started LSB: AppArmor initialization.
[[0;32m  OK  [0m] Started ifup for enp0s3.
         Starting Raise network interfaces...
[[0;32m  OK  [0m] Started Raise network interfaces.
         Starting Initial cloud-init job (metadata service crawler)...
[[0;32m  OK  [0m] Reached target Network.
[   24.731356] cloud-init[967]: Cloud-init v. 17.2 running 'init' at Tue, 24 Apr 2018 18:40:46 +0000. Up 24.47 seconds.
[   24.742822] cloud-init[967]: ci-info: +++++++++++++++++++++++++++++++++++++Net device info++++++++++++++++++++++++++++++++++++++
[   24.799304] cloud-init[967]: ci-info: +--------+------+----------------------------+---------------+-------+-------------------+
[   24.799425] cloud-init[967]: ci-info: | Device |  Up  |          Address           |      Mask     | Scope |     Hw-Address    |
[[0;32m  OK  [0m] Started Initial cloud-init job (metadata service crawler).
[   24.799534] cloud-init[967]: ci-info: +--------+------+----------------------------+---------------+-------+-------------------+
[   24.932850] cloud-init[967]: ci-info: | enp0s3 | True |         10.0.2.15          | 255.255.255.0 |   .   | 02:1b:e7:ca:c1:c0 |
[   24.933763] cloud-init[967]: ci-info: | enp0s3 | True | fe80::1b:e7ff:feca:c1c0/64 |       .       |  link | 02:1b:e7:ca:c1:c0 |
[[0;32m  OK  [0m] Reached target Network is Online.
[   24.934371] cloud-init[967]: ci-info: |   lo   | True |         127.0.0.1          |   255.0.0.0   |   .   |         .         |
[   25.088267] cloud-init[967]: ci-info: |   lo   | True |          ::1/128           |       .       |  host |         .         |
[   25.088498] cloud-init[967]: ci-info: +--------+------+----------------------------+---------------+-------+-------------------+
         Starting iSCSI initiator daemon (iscsid)...
[[   25.088608] cloud-init[967]: ci-info: +++++++++++++++++++++++++++Route IPv4 info++++++++++++++++++++++++++++
[   25.099125] cloud-init[967]: ci-info: +-------+-------------+----------+---------------+-----------+-------+
[0;32m  OK  [0m] Reached target Cloud-config availability.
[   25.099161] cloud-init[967]: ci-info: | Route | Destination | Gateway  |    Genmask    | Interface | Flags |
[[0;32m  OK  [0m] Reached target System Initialization.
[[   25.144661] cloud-init[967]: ci-info: +-------+-------------+----------+---------------+-----------+-------+
[   25.148370] cloud-init[967]: ci-info: |   0   |   0.0.0.0   | 10.0.2.2 |    0.0.0.0    |   enp0s3  |   UG  |
[   25.148629] cloud-init[967]: ci-info: |   1   |   10.0.2.0  | 0.0.0.0  | 255.255.255.0 |   enp0s3  |   U   |
[   25.148923] cloud-init[967]: ci-info: +-------+-------------+----------+---------------+-----------+-------+
[0;32m  OK  [0m] Listening on UUID daemon activation socket.
[[0;32m  OK  [0m] Listening on ACPID Listen Socket.
         Starting Socket activation for snappy daemon.
[[0;32m  OK  [0m] Started ACPI Events Check.
[[0;32m  OK  [0m] Reached target Paths.
[[0;32m  OK  [0m] Started Daily Cleanup of Temporary Directories.
[[0;32m  OK  [0m] Started Timer to automatically refresh installed snaps.
         Starting LXD - unix socket.
[[0;32m  OK  [0m] Started Daily apt download activities.
[[0;32m  OK  [0m] Started Daily apt upgrade and clean activities.
[[0;32m  OK  [0m] Listening on D-Bus System Message Bus Socket.
[[0;32m  OK  [0m] Reached target Timers.
[[0;32m  OK  [0m] Listening on Socket activation for snappy daemon.
[[0;32m  OK  [0m] Listening on LXD - unix socket.
[[0;32m  OK  [0m] Started iSCSI initiator daemon (iscsid).
         Starting Login to default iSCSI targets...
[[0;32m  OK  [0m] Reached target Sockets.
[[0;32m  OK  [0m] Reached target Basic System.
         Starting OpenBSD Secure Shell server...
[[0;32m  OK  [0m] Started Regular background program processing daemon.
         Starting Login Service...
         Starting LXD - container startup/shutdown...
         Starting Virtualbox guest utils...
         Starting /etc/rc.local Compatibility...
         Starting Snappy daemon...
         Starting LSB: MD monitoring daemon...
         Starting LSB: Record successful boot for GRUB...
[[0;32m  OK  [0m] Started ACPI event daemon.
[[0;32m  OK  [0m] Started D-Bus System Message Bus.
[[0;32m  OK  [0m] Started FUSE filesystem for LXC.
[[0;32m  OK  [0m] Started Deferred execution scheduler.
         Starting System Logging Service...
[[0;32m  OK  [0m] Started Unattended Upgrades Shutdown.
         Starting Accounts Service...
         Starting Apply the settings specified in cloud-config...
[[0;32m  OK  [0m] Started OpenBSD Secure Shell server.
[[0;32m  OK  [0m] Started Snappy daemon.
[[0;32m  OK  [0m] Started System Logging Service.
[[0;32m  OK  [0m] Started LXD - container startup/shutdown.
[[0;32m  OK  [0m] Started /etc/rc.local Compatibility.
[[0;32m  OK  [0m] Started Login to default iSCSI targets.
[[0;32m  OK  [0m] Started LSB: MD monitoring daemon.
[[0;32m  OK  [0m] Started LSB: Record successful boot for GRUB.
[[0;32m  OK  [0m] Started Virtualbox guest utils.
[[0;32m  OK  [0m] Started Login Service.
[   26.411187] cloud-init[1087]: Cloud-init v. 17.2 running 'modules:config' at Tue, 24 Apr 2018 18:40:47 +0000. Up 26.24 seconds.
[[0;32m  OK  [0m] Started Apply the settings specified in cloud-config.
         Starting Authenticate and Authorize Users to Run Privileged Tasks...
[[0;32m  OK  [0m] Reached target Remote File Systems (Pre).
[[0;32m  OK  [0m] Reached target Remote File Systems.
         Starting LSB: Set the CPU Frequency Scaling governor to "ondemand"...
         Starting Permit User Sessions...
         Starting LSB: daemon to balance interrupts for SMP systems...
         Starting LSB: automatic crash report generation...
[[0;32m  OK  [0m] Started Permit User Sessions.
[[0;32m  OK  [0m] Started Authenticate and Authorize Users to Run Privileged Tasks.
[[0;32m  OK  [0m] Started Accounts Service.
[[0;32m  OK  [0m] Started LSB: Set the CPU Frequency Scaling governor to "ondemand".
[[0;32m  OK  [0m] Created slice User Slice of vagrant.
         Starting User Manager for UID 1000...
         Starting Hold until boot process finishes up...
         Starting Terminate Plymouth Boot Screen...
[[0;32m  OK  [0m] Started User Manager for UID 1000.
[[0;32m  OK  [0m] Started LSB: daemon to balance interrupts for SMP systems.
[[0;32m  OK  [0m] Started LSB: automatic crash report generation.
[[0;32m  OK  [0m] Started Hold until boot process finishes up.
[[0;32m  OK  [0m] Started Terminate Plymouth Boot Screen.
[[0;32m  OK  [0m] Started Session 1 of user vagrant.
[[0;32m  OK  [0m] Started Getty on tty1.
         Starting Set console scheme...
[[0;32m  OK  [0m] Started Serial Getty on ttyS0.
[[0;32m  OK  [0m] Reached target Login Prompts.
[[0;32m  OK  [0m] Reached target Multi-User System.
         Starting Execute cloud user/final scripts...
[[0;32m  OK  [0m] Reached target Graphical Interface.
         Starting Update UTMP about System Runlevel Changes...
[[0;32m  OK  [0m] Started Set console scheme.
[[0;32m  OK  [0m] Started Update UTMP about System Runlevel Changes.
[   27.529474] cloud-init[1224]: Cloud-init v. 17.2 running 'modules:final' at Tue, 24 Apr 2018 18:40:49 +0000. Up 27.43 seconds.
[   27.616437] cloud-init[1224]: Cloud-init v. 17.2 finished at Tue, 24 Apr 2018 18:40:49 +0000. Datasource DataSourceNoCloud [seed=/dev/sdb][dsmode=net].  Up 27.52 seconds
[[0;32m  OK  [0m] Started Execute cloud user/final scripts.
[[0;32m  OK  [0m] Reached target Cloud-init target.

Ubuntu 16.04.4 LTS ubuntu-xenial ttyS0

ubuntu-xenial login: [[0;32m  OK  [0m] Closed LoadS         Stopping LSB: automatic crash report generation...
         Stopping LSB: daemon to balance interrupts for SMP systems...
[[0;32m  OK  [0m] Stopped Daily Cleanup of Temporary Directories.
         Stopping Session 4 of user vagrant.
         Stopping LSB: Set the CPU Frequency Scaling governor to "ondemand"...
         Stopping System Logging Service...
[[0;32m  OK  [0m] Unmounted /var/lib/lxcfs.
[[0;32m  OK  [0m] Stopped OpenBSD Secure Shell server.
[[0;32m  OK  [0m] Stopped Regular background program processing daemon.
[[0;32m  OK  [0m] Stopped Snappy daemon.
[[0;32m  OK  [0m] Stopped ACPI event daemon.
[[0;32m  OK  [0m] Stopped Deferred execution scheduler.
[[0;32m  OK  [0m] Stopped System Logging Service.
[[0;32m  OK  [0m] Stopped Accounts Service.
[[0;32m  OK  [0m] Stopped Authenticate and Authorize Users to Run Privileged Tasks.
[[0;32m  OK  [0m] Stopped Getty on tty1.
[[0;32m  OK  [0m] Stopped Serial Getty on ttyS0.
[[0;32m  OK  [0m] Stopped User Manager for UID 1000.
[[0;32m  OK  [0m] Stopped Unattended Upgrades Shutdown.
[[0;32m  OK  [0m] Stopped D-Bus System Message Bus.
[[0;32m  OK  [0m] Stopped Session 4 of user vagrant.
[[0;32m  OK  [0m] Stopped FUSE filesystem for LXC.
[[0;32m  OK  [0m] Stopped LXD - container startup/shutdown.
[[0;32m  OK  [0m] Stopped LSB: automatic crash report generation.
[[0;32m  OK  [0m] Stopped LSB: MD monitoring daemon.
[[0;32m  OK  [0m] Stopped Virtualbox guest utils.
[[0;32m  OK  [0m] Stopped LSB: Record successful boot for GRUB.
[[0;32m  OK  [0m] Stopped LSB: daemon to balance interrupts for SMP systems.
[[0;32m  OK  [0m] Stopped LSB: Set the CPU Frequency Scaling governor to "ondemand".
[[0;32m  OK  [0m] Removed slice User Slice of vagrant.
         Stopping Login Service...
[[0;32m  OK  [0m] Removed slice system-serial\x2dgetty.slice.
         Stopping Permit User Sessions...
[[0;32m  OK  [0m] Stopped /etc/rc.local Compatibility.
[[0;32m  OK  [0m] Removed slice system-getty.slice.
[[0;32m  OK  [0m] Stopped Permit User Sessions.
[[0;32m  OK  [0m] Stopped Login Service.
[[0;32m  OK  [0m] Stopped target Remote File Systems.
[[0;32m  OK  [0m] Stopped target Remote File Systems (Pre).
         Stopping Login to default iSCSI targets...
[[0;32m  OK  [0m] Stopped target User and Group Name Lookups.
[[0;32m  OK  [0m] Stopped target Basic System.
[[0;32m  OK  [0m] Stopped target Paths.
[[0;32m  OK  [0m] Stopped ACPI Events Check.
[[0;32m  OK  [0m] Stopped Dispatch Password Requests to Console Directory Watch.
[[0;32m  OK  [0m] Stopped Forward Password Requests to Wall Directory Watch.
[[0;32m  OK  [0m] Stopped target Sockets.
[[0;32m  OK  [0m] Closed Socket activation for snappy daemon.
[[0;32m  OK  [0m] Closed UUID daemon activation socket.
[[0;32m  OK  [0m] Closed ACPID Listen Socket.
[[0;32m  OK  [0m] Closed LXD - unix socket.
[[0;32m  OK  [0m] Closed D-Bus System Message Bus Socket.
[[0;32m  OK  [0m] Stopped target System Initialization.
         Stopping Update UTMP about System Boot/Shutdown...
[[0;32m  OK  [0m] Stopped target Swap.
[[0;32m  OK  [0m] Stopped target Encrypted Volumes.
         Stopping Load/Save Random Seed...
[[0;32m  OK  [0m] Closed Syslog Socket.
[[0;32m  OK  [0m] Stopped target Slices.
[[0;32m  OK  [0m] Removed slice User and Session Slice.
[[0;32m  OK  [0m] Stopped Load/Save Random Seed.
[[0;32m  OK  [0m] Stopped Update UTMP about System Boot/Shutdown.
[[0;32m  OK  [0m] Stopped Login to default iSCSI targets.
         Stopping iSCSI initiator daemon (iscsid)...
[[0;32m  OK  [0m] Stopped Create Volatile Files and Directories.
[[0;32m  OK  [0m] Stopped iSCSI initiator daemon (iscsid).
[[0;32m  OK  [0m] Stopped target Network is Online.
[[0;32m  OK  [0m] Stopped Initial cloud-init job (metadata service crawler).
[[0;32m  OK  [0m] Stopped target Network.
         Stopping Raise network interfaces...
[[0;32m  OK  [0m] Stopped Raise network interfaces.
[[0;32m  OK  [0m] Stopped target Local File Systems.
         Unmounting /vagrant...
         Unmounting /run/user/1000...
[[0;32m  OK  [0m] Stopped Apply Kernel Variables.
[[0;32m  OK  [0m] Stopped Load Kernel Modules.
[[0;32m  OK  [0m] Stopped target Network (Pre).
[[0;32m  OK  [0m] Stopped Initial cloud-init job (pre-networking).
[[0;32m  OK  [0m] Unmounted /vagrant.
[[0;32m  OK  [0m] Unmounted /run/user/1000.
[[0;32m  OK  [0m] Reached target Unmount All Filesystems.
[[0;32m  OK  [0m] Stopped target Local File Systems (Pre).
         Stopping Monitoring of LVM2 mirrors... dmeventd or progress polling...
[[0;32m  OK  [0m] Stopped Create Static Device Nodes in /dev.
[[0;32m  OK  [0m] Stopped Remount Root and Kernel File Systems.
[[0;32m  OK  [0m] Reached target Shutdown.
[ 1868.563239] reboot: Power down
